<?xml version="1.0" encoding="UTF-8"?>
<!-- Generated by org.testng.reporters.JUnitReportReporter -->
<testsuite hostname="DESKTOP-D8C95I2" name="com.amit.web.testscripts.TestToFetchBullCartelData" tests="1" failures="0" timestamp="28 Feb 2018 19:15:43 GMT" time="15.032" errors="0">
  <testcase name="mutipleLogin" time="15.032" classname="com.amit.web.testscripts.TestToFetchBullCartelData"/>
</testsuite> <!-- com.amit.web.testscripts.TestToFetchBullCartelData -->
