<?xml version="1.0" encoding="UTF-8"?>
<!-- Generated by org.testng.reporters.JUnitReportReporter -->
<testsuite skipped="0" hostname="DESKTOP-D8C95I2" name="com.amit.testscripts.BestBuyProducts" tests="1" failures="0" timestamp="26 Oct 2020 07:51:20 GMT" time="44.281" errors="0">
  <testcase name="getAllProducts" time="44.281" classname="com.amit.testscripts.BestBuyProducts"/>
</testsuite> <!-- com.amit.testscripts.BestBuyProducts -->
