<?xml version="1.0" encoding="UTF-8"?>
<!-- Generated by org.testng.reporters.JUnitReportReporter -->
<testsuite skipped="0" hostname="DESKTOP-D8C95I2" name="com.amit.testscripts.TC003" tests="1" failures="0" timestamp="07 Aug 2020 05:28:16 GMT" time="16.732" errors="0">
  <testcase name="loginAuthentication" time="16.732" classname="com.amit.testscripts.TC003"/>
</testsuite> <!-- com.amit.testscripts.TC003 -->
