<?xml version="1.0" encoding="UTF-8"?>
<!-- Generated by org.testng.reporters.JUnitReportReporter -->
<testsuite skipped="0" hostname="DESKTOP-D8C95I2" name="com.amit.testscripts.TC001" tests="201" failures="0" timestamp="30 Jul 2020 13:18:01 GMT" time="232.130" errors="0">
  <testcase name="verifyTodosByID" time="1.219" classname="com.amit.testscripts.TC001"/>
  <testcase name="verifyTodosByID" time="0.921" classname="com.amit.testscripts.TC001"/>
  <testcase name="verifyTodosByID" time="1.283" classname="com.amit.testscripts.TC001"/>
  <testcase name="verifyTodosByID" time="0.968" classname="com.amit.testscripts.TC001"/>
  <testcase name="verifyTodosByID" time="0.953" classname="com.amit.testscripts.TC001"/>
  <testcase name="verifyTodosByID" time="0.953" classname="com.amit.testscripts.TC001"/>
  <testcase name="verifyTodosByID" time="0.968" classname="com.amit.testscripts.TC001"/>
  <testcase name="verifyTodosByID" time="1.281" classname="com.amit.testscripts.TC001"/>
  <testcase name="verifyTodosByID" time="0.969" classname="com.amit.testscripts.TC001"/>
  <testcase name="verifyTodosByID" time="0.938" classname="com.amit.testscripts.TC001"/>
  <testcase name="verifyTodosByID" time="1.266" classname="com.amit.testscripts.TC001"/>
  <testcase name="verifyTodosByID" time="0.937" classname="com.amit.testscripts.TC001"/>
  <testcase name="verifyTodosByID" time="1.141" classname="com.amit.testscripts.TC001"/>
  <testcase name="verifyTodosByID" time="0.921" classname="com.amit.testscripts.TC001"/>
  <testcase name="verifyTodosByID" time="1.327" classname="com.amit.testscripts.TC001"/>
  <testcase name="verifyTodosByID" time="1.281" classname="com.amit.testscripts.TC001"/>
  <testcase name="verifyTodosByID" time="1.281" classname="com.amit.testscripts.TC001"/>
  <testcase name="verifyTodosByID" time="0.953" classname="com.amit.testscripts.TC001"/>
  <testcase name="verifyTodosByID" time="1.328" classname="com.amit.testscripts.TC001"/>
  <testcase name="verifyTodosByID" time="1.421" classname="com.amit.testscripts.TC001"/>
  <testcase name="verifyTodosByID" time="0.953" classname="com.amit.testscripts.TC001"/>
  <testcase name="verifyTodosByID" time="1.313" classname="com.amit.testscripts.TC001"/>
  <testcase name="verifyTodosByID" time="0.969" classname="com.amit.testscripts.TC001"/>
  <testcase name="verifyTodosByID" time="1.281" classname="com.amit.testscripts.TC001"/>
  <testcase name="verifyTodosByID" time="0.969" classname="com.amit.testscripts.TC001"/>
  <testcase name="verifyTodosByID" time="0.968" classname="com.amit.testscripts.TC001"/>
  <testcase name="verifyTodosByID" time="1.031" classname="com.amit.testscripts.TC001"/>
  <testcase name="verifyTodosByID" time="1.281" classname="com.amit.testscripts.TC001"/>
  <testcase name="verifyTodosByID" time="0.953" classname="com.amit.testscripts.TC001"/>
  <testcase name="verifyTodosByID" time="1.016" classname="com.amit.testscripts.TC001"/>
  <testcase name="verifyTodosByID" time="0.968" classname="com.amit.testscripts.TC001"/>
  <testcase name="verifyTodosByID" time="1.015" classname="com.amit.testscripts.TC001"/>
  <testcase name="verifyTodosByID" time="0.999" classname="com.amit.testscripts.TC001"/>
  <testcase name="verifyTodosByID" time="1.281" classname="com.amit.testscripts.TC001"/>
  <testcase name="verifyTodosByID" time="1.015" classname="com.amit.testscripts.TC001"/>
  <testcase name="verifyTodosByID" time="0.984" classname="com.amit.testscripts.TC001"/>
  <testcase name="verifyTodosByID" time="0.969" classname="com.amit.testscripts.TC001"/>
  <testcase name="verifyTodosByID" time="1.109" classname="com.amit.testscripts.TC001"/>
  <testcase name="verifyTodosByID" time="1.109" classname="com.amit.testscripts.TC001"/>
  <testcase name="verifyTodosByID" time="0.953" classname="com.amit.testscripts.TC001"/>
  <testcase name="verifyTodosByID" time="0.953" classname="com.amit.testscripts.TC001"/>
  <testcase name="verifyTodosByID" time="0.953" classname="com.amit.testscripts.TC001"/>
  <testcase name="verifyTodosByID" time="1.281" classname="com.amit.testscripts.TC001"/>
  <testcase name="verifyTodosByID" time="0.953" classname="com.amit.testscripts.TC001"/>
  <testcase name="verifyTodosByID" time="0.953" classname="com.amit.testscripts.TC001"/>
  <testcase name="verifyTodosByID" time="0.922" classname="com.amit.testscripts.TC001"/>
  <testcase name="verifyTodosByID" time="1.281" classname="com.amit.testscripts.TC001"/>
  <testcase name="verifyTodosByID" time="1.499" classname="com.amit.testscripts.TC001"/>
  <testcase name="verifyTodosByID" time="1.297" classname="com.amit.testscripts.TC001"/>
  <testcase name="verifyTodosByID" time="0.969" classname="com.amit.testscripts.TC001"/>
  <testcase name="verifyTodosByID" time="0.953" classname="com.amit.testscripts.TC001"/>
  <testcase name="verifyTodosByID" time="0.953" classname="com.amit.testscripts.TC001"/>
  <testcase name="verifyTodosByID" time="1.140" classname="com.amit.testscripts.TC001"/>
  <testcase name="verifyTodosByID" time="0.952" classname="com.amit.testscripts.TC001"/>
  <testcase name="verifyTodosByID" time="1.313" classname="com.amit.testscripts.TC001"/>
  <testcase name="verifyTodosByID" time="0.968" classname="com.amit.testscripts.TC001"/>
  <testcase name="verifyTodosByID" time="0.953" classname="com.amit.testscripts.TC001"/>
  <testcase name="verifyTodosByID" time="1.218" classname="com.amit.testscripts.TC001"/>
  <testcase name="verifyTodosByID" time="0.969" classname="com.amit.testscripts.TC001"/>
  <testcase name="verifyTodosByID" time="0.953" classname="com.amit.testscripts.TC001"/>
  <testcase name="verifyTodosByID" time="1.313" classname="com.amit.testscripts.TC001"/>
  <testcase name="verifyTodosByID" time="1.437" classname="com.amit.testscripts.TC001"/>
  <testcase name="verifyTodosByID" time="1.281" classname="com.amit.testscripts.TC001"/>
  <testcase name="verifyTodosByID" time="1.234" classname="com.amit.testscripts.TC001"/>
  <testcase name="verifyTodosByID" time="0.937" classname="com.amit.testscripts.TC001"/>
  <testcase name="verifyTodosByID" time="1.360" classname="com.amit.testscripts.TC001"/>
  <testcase name="verifyTodosByID" time="0.953" classname="com.amit.testscripts.TC001"/>
  <testcase name="verifyTodosByID" time="0.953" classname="com.amit.testscripts.TC001"/>
  <testcase name="verifyTodosByID" time="0.953" classname="com.amit.testscripts.TC001"/>
  <testcase name="verifyTodosByID" time="1.141" classname="com.amit.testscripts.TC001"/>
  <testcase name="verifyTodosByID" time="0.984" classname="com.amit.testscripts.TC001"/>
  <testcase name="verifyTodosByID" time="0.969" classname="com.amit.testscripts.TC001"/>
  <testcase name="verifyTodosByID" time="1.281" classname="com.amit.testscripts.TC001"/>
  <testcase name="verifyTodosByID" time="1.281" classname="com.amit.testscripts.TC001"/>
  <testcase name="verifyTodosByID" time="1.281" classname="com.amit.testscripts.TC001"/>
  <testcase name="verifyTodosByID" time="0.969" classname="com.amit.testscripts.TC001"/>
  <testcase name="verifyTodosByID" time="1.269" classname="com.amit.testscripts.TC001"/>
  <testcase name="verifyTodosByID" time="0.953" classname="com.amit.testscripts.TC001"/>
  <testcase name="verifyTodosByID" time="0.953" classname="com.amit.testscripts.TC001"/>
  <testcase name="verifyTodosByID" time="0.968" classname="com.amit.testscripts.TC001"/>
  <testcase name="verifyTodosByID" time="1.172" classname="com.amit.testscripts.TC001"/>
  <testcase name="verifyTodosByID" time="1.234" classname="com.amit.testscripts.TC001"/>
  <testcase name="verifyTodosByID" time="1.284" classname="com.amit.testscripts.TC001"/>
  <testcase name="verifyTodosByID" time="1.078" classname="com.amit.testscripts.TC001"/>
  <testcase name="verifyTodosByID" time="3.186" classname="com.amit.testscripts.TC001"/>
  <testcase name="verifyTodosByID" time="0.859" classname="com.amit.testscripts.TC001"/>
  <testcase name="verifyTodosByID" time="0.969" classname="com.amit.testscripts.TC001"/>
  <testcase name="verifyTodosByID" time="1.281" classname="com.amit.testscripts.TC001"/>
  <testcase name="verifyTodosByID" time="0.906" classname="com.amit.testscripts.TC001"/>
  <testcase name="verifyTodosByID" time="1.284" classname="com.amit.testscripts.TC001"/>
  <testcase name="verifyTodosByID" time="0.999" classname="com.amit.testscripts.TC001"/>
  <testcase name="verifyTodosByID" time="0.953" classname="com.amit.testscripts.TC001"/>
  <testcase name="verifyTodosByID" time="1.281" classname="com.amit.testscripts.TC001"/>
  <testcase name="verifyTodosByID" time="0.968" classname="com.amit.testscripts.TC001"/>
  <testcase name="verifyTodosByID" time="0.953" classname="com.amit.testscripts.TC001"/>
  <testcase name="verifyTodosByID" time="0.906" classname="com.amit.testscripts.TC001"/>
  <testcase name="verifyTodosByID" time="0.985" classname="com.amit.testscripts.TC001"/>
  <testcase name="verifyTodosByID" time="1.328" classname="com.amit.testscripts.TC001"/>
  <testcase name="verifyTodosByID" time="0.969" classname="com.amit.testscripts.TC001"/>
  <testcase name="verifyTodosByID" time="0.953" classname="com.amit.testscripts.TC001"/>
  <testcase name="verifyTodosByID" time="0.953" classname="com.amit.testscripts.TC001"/>
  <testcase name="verifyTodosByID" time="1.281" classname="com.amit.testscripts.TC001"/>
  <testcase name="verifyTodosByID" time="1.328" classname="com.amit.testscripts.TC001"/>
  <testcase name="verifyTodosByID" time="1.328" classname="com.amit.testscripts.TC001"/>
  <testcase name="verifyTodosByID" time="0.953" classname="com.amit.testscripts.TC001"/>
  <testcase name="verifyTodosByID" time="1.328" classname="com.amit.testscripts.TC001"/>
  <testcase name="verifyTodosByID" time="0.953" classname="com.amit.testscripts.TC001"/>
  <testcase name="verifyTodosByID" time="1.218" classname="com.amit.testscripts.TC001"/>
  <testcase name="verifyTodosByID" time="1.281" classname="com.amit.testscripts.TC001"/>
  <testcase name="verifyTodosByID" time="1.234" classname="com.amit.testscripts.TC001"/>
  <testcase name="verifyTodosByID" time="0.922" classname="com.amit.testscripts.TC001"/>
  <testcase name="verifyTodosByID" time="0.937" classname="com.amit.testscripts.TC001"/>
  <testcase name="verifyTodosByID" time="1.328" classname="com.amit.testscripts.TC001"/>
  <testcase name="verifyTodosByID" time="0.968" classname="com.amit.testscripts.TC001"/>
  <testcase name="verifyTodosByID" time="1.781" classname="com.amit.testscripts.TC001"/>
  <testcase name="verifyTodosByID" time="0.969" classname="com.amit.testscripts.TC001"/>
  <testcase name="verifyTodosByID" time="1.015" classname="com.amit.testscripts.TC001"/>
  <testcase name="verifyTodosByID" time="0.953" classname="com.amit.testscripts.TC001"/>
  <testcase name="verifyTodosByID" time="1.330" classname="com.amit.testscripts.TC001"/>
  <testcase name="verifyTodosByID" time="1.281" classname="com.amit.testscripts.TC001"/>
  <testcase name="verifyTodosByID" time="0.922" classname="com.amit.testscripts.TC001"/>
  <testcase name="verifyTodosByID" time="1.281" classname="com.amit.testscripts.TC001"/>
  <testcase name="verifyTodosByID" time="0.969" classname="com.amit.testscripts.TC001"/>
  <testcase name="verifyTodosByID" time="1.266" classname="com.amit.testscripts.TC001"/>
  <testcase name="verifyTodosByID" time="0.954" classname="com.amit.testscripts.TC001"/>
  <testcase name="verifyTodosByID" time="0.922" classname="com.amit.testscripts.TC001"/>
  <testcase name="verifyTodosByID" time="1.331" classname="com.amit.testscripts.TC001"/>
  <testcase name="verifyTodosByID" time="1.219" classname="com.amit.testscripts.TC001"/>
  <testcase name="verifyTodosByID" time="1.218" classname="com.amit.testscripts.TC001"/>
  <testcase name="verifyTodosByID" time="0.969" classname="com.amit.testscripts.TC001"/>
  <testcase name="verifyTodosByID" time="0.953" classname="com.amit.testscripts.TC001"/>
  <testcase name="verifyTodosByID" time="0.968" classname="com.amit.testscripts.TC001"/>
  <testcase name="verifyTodosByID" time="1.281" classname="com.amit.testscripts.TC001"/>
  <testcase name="verifyTodosByID" time="1.063" classname="com.amit.testscripts.TC001"/>
  <testcase name="verifyTodosByID" time="1.015" classname="com.amit.testscripts.TC001"/>
  <testcase name="verifyTodosByID" time="1.328" classname="com.amit.testscripts.TC001"/>
  <testcase name="verifyTodosByID" time="1.281" classname="com.amit.testscripts.TC001"/>
  <testcase name="verifyTodosByID" time="0.968" classname="com.amit.testscripts.TC001"/>
  <testcase name="verifyTodosByID" time="0.969" classname="com.amit.testscripts.TC001"/>
  <testcase name="verifyTodosByID" time="0.921" classname="com.amit.testscripts.TC001"/>
  <testcase name="verifyTodosByID" time="1.125" classname="com.amit.testscripts.TC001"/>
  <testcase name="verifyTodosByID" time="1.281" classname="com.amit.testscripts.TC001"/>
  <testcase name="verifyTodosByID" time="0.953" classname="com.amit.testscripts.TC001"/>
  <testcase name="verifyTodosByID" time="1.284" classname="com.amit.testscripts.TC001"/>
  <testcase name="verifyTodosByID" time="0.969" classname="com.amit.testscripts.TC001"/>
  <testcase name="verifyTodosByID" time="1.265" classname="com.amit.testscripts.TC001"/>
  <testcase name="verifyTodosByID" time="1.265" classname="com.amit.testscripts.TC001"/>
  <testcase name="verifyTodosByID" time="1.297" classname="com.amit.testscripts.TC001"/>
  <testcase name="verifyTodosByID" time="1.218" classname="com.amit.testscripts.TC001"/>
  <testcase name="verifyTodosByID" time="0.953" classname="com.amit.testscripts.TC001"/>
  <testcase name="verifyTodosByID" time="1.172" classname="com.amit.testscripts.TC001"/>
  <testcase name="verifyTodosByID" time="0.953" classname="com.amit.testscripts.TC001"/>
  <testcase name="verifyTodosByID" time="0.953" classname="com.amit.testscripts.TC001"/>
  <testcase name="verifyTodosByID" time="1.328" classname="com.amit.testscripts.TC001"/>
  <testcase name="verifyTodosByID" time="0.968" classname="com.amit.testscripts.TC001"/>
  <testcase name="verifyTodos" time="10.086" classname="com.amit.testscripts.TC001"/>
  <testcase name="verifyTodosByID" time="1.218" classname="com.amit.testscripts.TC001"/>
  <testcase name="verifyTodosByID" time="1.281" classname="com.amit.testscripts.TC001"/>
  <testcase name="verifyTodosByID" time="1.281" classname="com.amit.testscripts.TC001"/>
  <testcase name="verifyTodosByID" time="0.968" classname="com.amit.testscripts.TC001"/>
  <testcase name="verifyTodosByID" time="1.172" classname="com.amit.testscripts.TC001"/>
  <testcase name="verifyTodosByID" time="0.906" classname="com.amit.testscripts.TC001"/>
  <testcase name="verifyTodosByID" time="1.218" classname="com.amit.testscripts.TC001"/>
  <testcase name="verifyTodosByID" time="1.015" classname="com.amit.testscripts.TC001"/>
  <testcase name="verifyTodosByID" time="0.952" classname="com.amit.testscripts.TC001"/>
  <testcase name="verifyTodosByID" time="1.344" classname="com.amit.testscripts.TC001"/>
  <testcase name="verifyTodosByID" time="0.952" classname="com.amit.testscripts.TC001"/>
  <testcase name="verifyTodosByID" time="1.328" classname="com.amit.testscripts.TC001"/>
  <testcase name="verifyTodosByID" time="0.969" classname="com.amit.testscripts.TC001"/>
  <testcase name="verifyTodosByID" time="1.219" classname="com.amit.testscripts.TC001"/>
  <testcase name="verifyTodosByID" time="1.191" classname="com.amit.testscripts.TC001"/>
  <testcase name="verifyTodosByID" time="1.016" classname="com.amit.testscripts.TC001"/>
  <testcase name="verifyTodosByID" time="1.218" classname="com.amit.testscripts.TC001"/>
  <testcase name="verifyTodosByID" time="0.968" classname="com.amit.testscripts.TC001"/>
  <testcase name="verifyTodosByID" time="1.234" classname="com.amit.testscripts.TC001"/>
  <testcase name="verifyTodosByID" time="1.265" classname="com.amit.testscripts.TC001"/>
  <testcase name="verifyTodosByID" time="0.937" classname="com.amit.testscripts.TC001"/>
  <testcase name="verifyTodosByID" time="0.500" classname="com.amit.testscripts.TC001"/>
  <testcase name="verifyTodosByID" time="1.266" classname="com.amit.testscripts.TC001"/>
  <testcase name="verifyTodosByID" time="0.956" classname="com.amit.testscripts.TC001"/>
  <testcase name="verifyTodosByID" time="1.218" classname="com.amit.testscripts.TC001"/>
  <testcase name="verifyTodosByID" time="0.969" classname="com.amit.testscripts.TC001"/>
  <testcase name="verifyTodosByID" time="1.281" classname="com.amit.testscripts.TC001"/>
  <testcase name="verifyTodosByID" time="0.969" classname="com.amit.testscripts.TC001"/>
  <testcase name="verifyTodosByID" time="1.000" classname="com.amit.testscripts.TC001"/>
  <testcase name="verifyTodosByID" time="0.968" classname="com.amit.testscripts.TC001"/>
  <testcase name="verifyTodosByID" time="0.906" classname="com.amit.testscripts.TC001"/>
  <testcase name="verifyTodosByID" time="0.968" classname="com.amit.testscripts.TC001"/>
  <testcase name="verifyTodosByID" time="1.546" classname="com.amit.testscripts.TC001"/>
  <testcase name="verifyTodosByID" time="0.953" classname="com.amit.testscripts.TC001"/>
  <testcase name="verifyTodosByID" time="1.000" classname="com.amit.testscripts.TC001"/>
  <testcase name="verifyTodosByID" time="0.970" classname="com.amit.testscripts.TC001"/>
  <testcase name="verifyTodosByID" time="1.234" classname="com.amit.testscripts.TC001"/>
  <testcase name="verifyTodosByID" time="1.281" classname="com.amit.testscripts.TC001"/>
  <testcase name="verifyTodosByID" time="1.328" classname="com.amit.testscripts.TC001"/>
  <testcase name="verifyTodosByID" time="0.953" classname="com.amit.testscripts.TC001"/>
  <testcase name="verifyTodosByID" time="0.953" classname="com.amit.testscripts.TC001"/>
  <testcase name="verifyTodosByID" time="0.952" classname="com.amit.testscripts.TC001"/>
  <testcase name="verifyTodosByID" time="0.953" classname="com.amit.testscripts.TC001"/>
  <testcase name="verifyTodosByID" time="0.968" classname="com.amit.testscripts.TC001"/>
  <testcase name="verifyTodosByID" time="1.281" classname="com.amit.testscripts.TC001"/>
</testsuite> <!-- com.amit.testscripts.TC001 -->
