<?xml version="1.0" encoding="UTF-8"?>
<!-- Generated by org.testng.reporters.JUnitReportReporter -->
<testsuite skipped="0" hostname="DESKTOP-D8C95I2" name="com.amit.testscripts.BestBuyProducts" tests="1" failures="0" timestamp="08 Mar 2021 11:51:27 GMT" time="19.867" errors="0">
  <testcase name="getAllProducts" time="19.867" classname="com.amit.testscripts.BestBuyProducts"/>
</testsuite> <!-- com.amit.testscripts.BestBuyProducts -->
