<?xml version="1.0" encoding="UTF-8"?>
<!-- Generated by org.testng.reporters.JUnitReportReporter -->
<testsuite skipped="0" hostname="DESKTOP-D8C95I2" name="com.amit.testscripts.TC004" tests="2" failures="0" timestamp="10 Aug 2020 07:56:09 GMT" time="9.064" errors="0">
  <testcase name="updatePosts" time="7.820" classname="com.amit.testscripts.TC004"/>
  <testcase name="updatePosts" time="1.244" classname="com.amit.testscripts.TC004"/>
</testsuite> <!-- com.amit.testscripts.TC004 -->
