<?xml version="1.0" encoding="UTF-8"?>
<!-- Generated by org.testng.reporters.JUnitReportReporter -->
<testsuite skipped="0" hostname="DESKTOP-D8C95I2" name="com.amit.testscripts.TC001" tests="2" failures="0" timestamp="03 Aug 2020 09:50:36 GMT" time="12.178" errors="0">
  <testcase name="addTodos" time="11.106" classname="com.amit.testscripts.TC001"/>
  <testcase name="addTodos" time="1.072" classname="com.amit.testscripts.TC001"/>
</testsuite> <!-- com.amit.testscripts.TC001 -->
