<?xml version="1.0" encoding="UTF-8"?>
<!-- Generated by org.testng.reporters.JUnitReportReporter -->
<testsuite skipped="0" hostname="DESKTOP-D8C95I2" name="com.amit.testscripts.TC002" tests="2" failures="0" timestamp="08 Aug 2020 07:22:51 GMT" time="8.763" errors="0">
  <testcase name="addUsers" time="7.375" classname="com.amit.testscripts.TC002"/>
  <testcase name="updateUserWithPut" time="1.388" classname="com.amit.testscripts.TC002"/>
</testsuite> <!-- com.amit.testscripts.TC002 -->
