<?xml version="1.0" encoding="UTF-8"?>
<!-- Generated by org.testng.reporters.JUnitReportReporter -->
<testsuite skipped="0" hostname="DESKTOP-D8C95I2" name="com.amit.testscripts.BestBuyProducts" tests="2" failures="0" timestamp="04 Oct 2021 07:19:20 GMT" time="6.193" errors="1">
  <testcase name="getAllProducts" time="4.085" classname="com.amit.testscripts.BestBuyProducts"/>
  <testcase name="createProduct" time="2.108" classname="com.amit.testscripts.BestBuyProducts">
    <error type="org.testng.internal.reflect.MethodMatcherException" message="
Data provider mismatch
Method: createProduct([Parameter{index=0, type=java.lang.String, declaredAnnotations=[]}, Parameter{index=1, type=java.lang.String, declaredAnnotations=[]}, Parameter{index=2, type=java.lang.Integer, declaredAnnotations=[]}, Parameter{index=3, type=java.lang.Integer, declaredAnnotations=[]}, Parameter{index=4, type=java.lang.String, declaredAnnotations=[]}, Parameter{index=5, type=java.lang.String, declaredAnnotations=[]}, Parameter{index=6, type=java.lang.String, declaredAnnotations=[]}, Parameter{index=7, type=java.lang.String, declaredAnnotations=[]}, Parameter{index=8, type=java.lang.String, declaredAnnotations=[]}, Parameter{index=9, type=java.lang.String, declaredAnnotations=[]}])
Arguments: [(java.lang.String) Walkman,(java.lang.String) Audio,(java.lang.Integer) 4,(java.lang.Integer) 0,(java.lang.Integer) 2147483647,(java.lang.String) Test pro,(java.lang.String) Sony,(java.lang.Integer) 2021,(java.lang.String) http://www.bestbuy.com/site/energizer-max-batteries-aa-4-pack/150115.p,(java.lang.String) http://img.bbystatic.com/BestBuy_US/images/products/4390/43900_sa.jpg]">
      <![CDATA[org.testng.internal.reflect.MethodMatcherException: Data provider mismatchMethod: createProduct([Parameter{index=0, type=java.lang.String, declaredAnnotations=[]}, Parameter{index=1, type=java.lang.String, declaredAnnotations=[]}, Parameter{index=2, type=java.lang.Integer, declaredAnnotations=[]}, Parameter{index=3, type=java.lang.Integer, declaredAnnotations=[]}, Parameter{index=4, type=java.lang.String, declaredAnnotations=[]}, Parameter{index=5, type=java.lang.String, declaredAnnotations=[]}, Parameter{index=6, type=java.lang.String, declaredAnnotations=[]}, Parameter{index=7, type=java.lang.String, declaredAnnotations=[]}, Parameter{index=8, type=java.lang.String, declaredAnnotations=[]}, Parameter{index=9, type=java.lang.String, declaredAnnotations=[]}])Arguments: [(java.lang.String) Walkman,(java.lang.String) Audio,(java.lang.Integer) 4,(java.lang.Integer) 0,(java.lang.Integer) 2147483647,(java.lang.String) Test pro,(java.lang.String) Sony,(java.lang.Integer) 2021,(java.lang.String) http://www.bestbuy.com/site/energizer-max-batteries-aa-4-pack/150115.p,(java.lang.String) http://img.bbystatic.com/BestBuy_US/images/products/4390/43900_sa.jpg]at org.testng.internal.reflect.DataProviderMethodMatcher.getConformingArguments(DataProviderMethodMatcher.java:45)at org.testng.internal.Parameters.injectParameters(Parameters.java:796)at org.testng.internal.Invoker.invokeTestMethods(Invoker.java:973)at org.testng.internal.TestMethodWorker.invokeTestMethods(TestMethodWorker.java:125)at org.testng.internal.TestMethodWorker.run(TestMethodWorker.java:109)at org.testng.TestRunner.privateRun(TestRunner.java:648)at org.testng.TestRunner.run(TestRunner.java:505)at org.testng.SuiteRunner.runTest(SuiteRunner.java:455)at org.testng.SuiteRunner.runSequentially(SuiteRunner.java:450)at org.testng.SuiteRunner.privateRun(SuiteRunner.java:415)at org.testng.SuiteRunner.run(SuiteRunner.java:364)at org.testng.SuiteRunnerWorker.runSuite(SuiteRunnerWorker.java:52)at org.testng.SuiteRunnerWorker.run(SuiteRunnerWorker.java:84)at org.testng.TestNG.runSuitesSequentially(TestNG.java:1187)at org.testng.TestNG.runSuitesLocally(TestNG.java:1116)at org.testng.TestNG.runSuites(TestNG.java:1028)at org.testng.TestNG.run(TestNG.java:996)at org.testng.remote.AbstractRemoteTestNG.run(AbstractRemoteTestNG.java:114)at org.testng.remote.RemoteTestNG.initAndRun(RemoteTestNG.java:251)at org.testng.remote.RemoteTestNG.main(RemoteTestNG.java:77)]]>
    </error>
  </testcase> <!-- createProduct -->
</testsuite> <!-- com.amit.testscripts.BestBuyProducts -->
