<?xml version="1.0" encoding="UTF-8"?>
<!-- Generated by org.testng.reporters.JUnitReportReporter -->
<testsuite skipped="0" hostname="DESKTOP-D8C95I2" name="com.amit.utils.Service" tests="1" failures="0" timestamp="08 Aug 2020 10:13:08 GMT" time="9.435" errors="0">
  <testcase name="createPost" time="9.435" classname="com.amit.utils.Service"/>
</testsuite> <!-- com.amit.utils.Service -->
