<?xml version="1.0" encoding="UTF-8"?>
<!-- Generated by org.testng.reporters.JUnitReportReporter -->
<testsuite hostname="DESKTOP-D8C95I2" name="com.amit.web.testscripts.TestSeleniumCode" tests="1" failures="0" timestamp="18 Aug 2018 18:55:45 GMT" time="51.262" errors="0">
  <testcase name="test" time="51.262" classname="com.amit.web.testscripts.TestSeleniumCode"/>
</testsuite> <!-- com.amit.web.testscripts.TestSeleniumCode -->
