<?xml version="1.0" encoding="UTF-8"?>
<!-- Generated by org.testng.reporters.JUnitReportReporter -->
<testsuite skipped="0" hostname="DESKTOP-D8C95I2" name="com.amit.web.testscripts.TestToVerifyCompanySearchBox" tests="1" failures="0" timestamp="04 Oct 2020 10:02:48 GMT" time="145.868" errors="0">
  <testcase name="companySearch" time="145.868" classname="com.amit.web.testscripts.TestToVerifyCompanySearchBox"/>
</testsuite> <!-- com.amit.web.testscripts.TestToVerifyCompanySearchBox -->
