<?xml version="1.0" encoding="UTF-8"?>
<!-- Generated by org.testng.reporters.JUnitReportReporter -->
<testsuite skipped="0" hostname="DESKTOP-D8C95I2" name="testNG.PassingParameters" tests="2" failures="0" timestamp="31 Aug 2020 10:21:52 GMT" time="0.040" errors="0">
  <testcase name="test2" time="0.008" classname="testNG.PassingParameters"/>
  <testcase name="test1" time="0.032" classname="testNG.PassingParameters"/>
</testsuite> <!-- testNG.PassingParameters -->
