<?xml version="1.0" encoding="UTF-8"?>
<!-- Generated by org.testng.reporters.JUnitReportReporter -->
<testsuite hostname="DESKTOP-D8C95I2" name="com.amit.web.testscripts.Login" tests="2" failures="0" timestamp="10 Aug 2018 18:05:18 GMT" time="0.036" errors="0">
  <testcase name="test1" time="0.032" classname="com.amit.web.testscripts.Login"/>
  <testcase name="test2" time="0.004" classname="com.amit.web.testscripts.Login"/>
</testsuite> <!-- com.amit.web.testscripts.Login -->
