<?xml version="1.0" encoding="UTF-8"?>
<!-- Generated by org.testng.reporters.JUnitReportReporter -->
<testsuite skipped="0" hostname="DESKTOP-D8C95I2" name="com.amit.web.testscripts.Login" tests="1" failures="0" timestamp="07 Oct 2020 09:17:56 GMT" time="13.300" errors="0">
  <testcase name="testLogin" time="13.300" classname="com.amit.web.testscripts.Login"/>
</testsuite> <!-- com.amit.web.testscripts.Login -->
