<?xml version="1.0" encoding="UTF-8"?>
<!-- Generated by org.testng.reporters.JUnitReportReporter -->
<testsuite hostname="DESKTOP-D8C95I2" name="com.amit.web.testscripts.TestNGTutorial" tests="2" failures="0" timestamp="29 Sep 2018 17:09:58 GMT" time="0.056" errors="0">
  <testcase name="test6" time="0.012" classname="com.amit.web.testscripts.TestNGTutorial"/>
  <testcase name="test5" time="0.044" classname="com.amit.web.testscripts.TestNGTutorial"/>
</testsuite> <!-- com.amit.web.testscripts.TestNGTutorial -->
