<?xml version="1.0" encoding="UTF-8"?>
<!-- Generated by org.testng.reporters.JUnitReportReporter -->
<testsuite skipped="0" hostname="DESKTOP-D8C95I2" name="testNG.GroupsInTestng" tests="2" failures="0" timestamp="31 Aug 2020 07:12:49 GMT" time="0.036" errors="0">
  <testcase name="test2" time="0.008" classname="testNG.GroupsInTestng"/>
  <testcase name="test1" time="0.028" classname="testNG.GroupsInTestng"/>
</testsuite> <!-- testNG.GroupsInTestng -->
