<?xml version="1.0" encoding="UTF-8"?>
<!-- Generated by org.testng.reporters.JUnitReportReporter -->
<testsuite skipped="2" hostname="DESKTOP-D8C95I2" name="testNG.RetryFailedTest" tests="3" failures="0" timestamp="31 Aug 2020 10:40:54 GMT" time="0.047" errors="0">
  <testcase name="test1" time="0.039" classname="testNG.RetryFailedTest">
    <skipped/>
  </testcase> <!-- test1 -->
  <testcase name="test1" time="0.004" classname="testNG.RetryFailedTest"/>
  <testcase name="test1" time="0.004" classname="testNG.RetryFailedTest">
    <skipped/>
  </testcase> <!-- test1 -->
</testsuite> <!-- testNG.RetryFailedTest -->
