<?xml version="1.0" encoding="UTF-8"?>
<!-- Generated by org.testng.reporters.JUnitReportReporter -->
<testsuite skipped="0" hostname="DESKTOP-D8C95I2" name="com.amit.web.automation.HomePage" tests="1" failures="0" timestamp="13 Jul 2021 06:40:12 GMT" time="37.244" errors="0">
  <testcase name="checkHeaderElementsDisplay" time="37.244" classname="com.amit.web.automation.HomePage"/>
</testsuite> <!-- com.amit.web.automation.HomePage -->
