<?xml version="1.0" encoding="UTF-8"?>
<!-- Generated by org.testng.reporters.JUnitReportReporter -->
<testsuite hostname="DESKTOP-D8C95I2" name="com.amit.web.testscripts.TestSeleniumCode" tests="1" failures="0" timestamp="21 Aug 2018 18:24:28 GMT" time="34.113" errors="0">
  <testcase name="test" time="34.113" classname="com.amit.web.testscripts.TestSeleniumCode"/>
</testsuite> <!-- com.amit.web.testscripts.TestSeleniumCode -->
