<?xml version="1.0" encoding="UTF-8"?>
<!-- Generated by org.testng.reporters.JUnitReportReporter -->
<testsuite hostname="DESKTOP-D8C95I2" name="com.amit.web.testscripts.DatabaseTesting" tests="2" failures="0" timestamp="2 Jul 2020 12:17:25 GMT" time="1.573" errors="0">
  <testcase name="selectDBdata" time="0.304" classname="com.amit.web.testscripts.DatabaseTesting"/>
  <testcase name="selectDBdata" time="1.269" classname="com.amit.web.testscripts.DatabaseTesting"/>
</testsuite> <!-- com.amit.web.testscripts.DatabaseTesting -->
