<?xml version="1.0" encoding="UTF-8"?>
<!-- Generated by org.testng.reporters.JUnitReportReporter -->
<testsuite skipped="0" hostname="DESKTOP-D8C95I2" name="com.amit.web.testscripts.TestToFetchBullCartelData" tests="1" failures="0" timestamp="15 Jul 2020 15:03:44 GMT" time="110.063" errors="0">
  <testcase name="mutipleLogin" time="110.063" classname="com.amit.web.testscripts.TestToFetchBullCartelData"/>
</testsuite> <!-- com.amit.web.testscripts.TestToFetchBullCartelData -->
