<?xml version="1.0" encoding="UTF-8"?>
<!-- Generated by org.testng.reporters.JUnitReportReporter -->
<testsuite skipped="0" hostname="DESKTOP-D8C95I2" name="com.amit.web.testscripts.Login" tests="1" failures="0" timestamp="23 Jul 2020 05:51:37 GMT" time="28.012" errors="0">
  <testcase name="testLogin" time="28.012" classname="com.amit.web.testscripts.Login"/>
</testsuite> <!-- com.amit.web.testscripts.Login -->
