<?xml version="1.0" encoding="UTF-8"?>
<!-- Generated by org.testng.reporters.JUnitReportReporter -->
<testsuite skipped="0" hostname="DESKTOP-D8C95I2" name="com.amit.web.testscripts.JenkinsParameterTest" tests="1" failures="0" timestamp="23 Jul 2020 12:57:50 GMT" time="12.629" errors="0">
  <testcase name="testParameters" time="12.629" classname="com.amit.web.testscripts.JenkinsParameterTest"/>
</testsuite> <!-- com.amit.web.testscripts.JenkinsParameterTest -->
