<?xml version="1.0" encoding="UTF-8"?>
<!-- Generated by org.testng.reporters.JUnitReportReporter -->
<testsuite skipped="0" hostname="DESKTOP-D8C95I2" name="com.amit.web.testscripts.SwitchingWindows" tests="1" failures="0" timestamp="18 Sep 2020 13:07:04 GMT" time="27.716" errors="0">
  <testcase name="switchToWindow" time="27.716" classname="com.amit.web.testscripts.SwitchingWindows"/>
</testsuite> <!-- com.amit.web.testscripts.SwitchingWindows -->
