<?xml version="1.0" encoding="UTF-8"?>
<!-- Generated by org.testng.reporters.JUnitReportReporter -->
<testsuite hostname="DESKTOP-D8C95I2" name="com.amit.web.testscripts.TestCode" tests="1" failures="0" timestamp="2 Jul 2020 12:46:01 GMT" time="1.759" errors="0">
  <testcase name="test" time="1.759" classname="com.amit.web.testscripts.TestCode"/>
</testsuite> <!-- com.amit.web.testscripts.TestCode -->
