<?xml version="1.0" encoding="UTF-8"?>
<!-- Generated by org.testng.reporters.JUnitReportReporter -->
<testsuite skipped="0" hostname="DESKTOP-D8C95I2" name="com.amit.web.testscripts.TestToPrintMaxValueInWebTable" tests="1" failures="0" timestamp="17 Sep 2020 07:39:00 GMT" time="54.231" errors="0">
  <testcase name="getMaxValue" time="54.231" classname="com.amit.web.testscripts.TestToPrintMaxValueInWebTable"/>
</testsuite> <!-- com.amit.web.testscripts.TestToPrintMaxValueInWebTable -->
