<?xml version="1.0" encoding="UTF-8"?>
<!-- Generated by org.testng.reporters.JUnitReportReporter -->
<testsuite skipped="0" hostname="DESKTOP-D8C95I2" name="com.amit.web.testscripts.SwitchingWindows" tests="1" failures="0" timestamp="15 Nov 2020 09:46:16 GMT" time="29.223" errors="0">
  <testcase name="switchToWindow" time="29.223" classname="com.amit.web.testscripts.SwitchingWindows"/>
</testsuite> <!-- com.amit.web.testscripts.SwitchingWindows -->
