<?xml version="1.0" encoding="UTF-8"?>
<!-- Generated by org.testng.reporters.JUnitReportReporter -->
<testsuite skipped="0" hostname="DESKTOP-D8C95I2" name="testNG.DataProviderInTestNG" tests="5" failures="0" timestamp="05 Jul 2020 10:20:52 GMT" time="0.066" errors="0">
  <testcase name="test2" time="0.010" classname="testNG.DataProviderInTestNG"/>
  <testcase name="test1" time="0.028" classname="testNG.DataProviderInTestNG"/>
  <testcase name="test1" time="0.012" classname="testNG.DataProviderInTestNG"/>
  <testcase name="test2" time="0.008" classname="testNG.DataProviderInTestNG"/>
  <testcase name="test2" time="0.008" classname="testNG.DataProviderInTestNG"/>
</testsuite> <!-- testNG.DataProviderInTestNG -->
