<?xml version="1.0" encoding="UTF-8"?>
<!-- Generated by org.testng.reporters.JUnitReportReporter -->
<testsuite hostname="DESKTOP-D8C95I2" name="com.amit.web.testscripts.DatabaseTesting" tests="2" failures="0" timestamp="28 Feb 2018 17:58:24 GMT" time="1.090" errors="0">
  <testcase name="selectDBdata" time="0.048" classname="com.amit.web.testscripts.DatabaseTesting"/>
  <testcase name="selectDBdata" time="1.042" classname="com.amit.web.testscripts.DatabaseTesting"/>
</testsuite> <!-- com.amit.web.testscripts.DatabaseTesting -->
