<?xml version="1.0" encoding="UTF-8"?>
<!-- Generated by org.testng.reporters.JUnitReportReporter -->
<testsuite skipped="0" hostname="DESKTOP-D8C95I2" name="com.amit.web.testscripts.SwitchingWindows" tests="1" failures="0" timestamp="07 Oct 2020 14:02:46 GMT" time="30.414" errors="0">
  <testcase name="switchToWindow" time="30.414" classname="com.amit.web.testscripts.SwitchingWindows"/>
</testsuite> <!-- com.amit.web.testscripts.SwitchingWindows -->
