<?xml version="1.0" encoding="UTF-8"?>
<!-- Generated by org.testng.reporters.JUnitReportReporter -->
<testsuite skipped="1" hostname="DESKTOP-D8C95I2" name="testNG.ListenerTest" tests="5" failures="0" timestamp="06 Jul 2020 06:34:43 GMT" time="0.060" errors="0">
  <testcase name="test3" time="0.004" classname="testNG.ListenerTest"/>
  <testcase name="test2" time="0.011" classname="testNG.ListenerTest">
    <skipped/>
  </testcase> <!-- test2 -->
  <testcase name="test1" time="0.039" classname="testNG.ListenerTest"/>
  <testcase name="test3" time="0.003" classname="testNG.ListenerTest"/>
  <testcase name="test3" time="0.003" classname="testNG.ListenerTest"/>
</testsuite> <!-- testNG.ListenerTest -->
