<?xml version="1.0" encoding="UTF-8"?>
<!-- Generated by org.testng.reporters.JUnitReportReporter -->
<testsuite skipped="1" hostname="DESKTOP-D8C95I2" name="testNG.PriorityInTestng" tests="3" failures="0" timestamp="29 May 2021 07:04:12 GMT" time="0.087" errors="0">
  <testcase name="test3" time="0.044" classname="testNG.PriorityInTestng"/>
  <testcase name="test1" time="0.043" classname="testNG.PriorityInTestng"/>
  <testcase name="test2" classname="testNG.PriorityInTestng">
    <skipped/>
  </testcase> <!-- test2 -->
</testsuite> <!-- testNG.PriorityInTestng -->
