<?xml version="1.0" encoding="UTF-8"?>
<!-- Generated by org.testng.reporters.JUnitReportReporter -->
<testsuite skipped="0" hostname="DESKTOP-D8C95I2" name="testNG.PassingParameters" tests="2" failures="0" timestamp="05 Jul 2020 14:37:36 GMT" time="0.026" errors="0">
  <testcase name="test2" time="0.003" classname="testNG.PassingParameters"/>
  <testcase name="test1" time="0.023" classname="testNG.PassingParameters"/>
</testsuite> <!-- testNG.PassingParameters -->
