<?xml version="1.0" encoding="UTF-8"?>
<!-- Generated by org.testng.reporters.JUnitReportReporter -->
<testsuite hostname="DESKTOP-D8C95I2" name="testNG.PassingParameters" tests="1" failures="0" timestamp="29 Sep 2018 18:17:24 GMT" time="0.046" errors="0">
  <testcase name="test1" time="0.046" classname="testNG.PassingParameters"/>
</testsuite> <!-- testNG.PassingParameters -->
