<?xml version="1.0" encoding="UTF-8"?>
<!-- Generated by org.testng.reporters.JUnitReportReporter -->
<testsuite skipped="0" hostname="DESKTOP-D8C95I2" name="com.amit.web.testscripts.DatabaseTesting" tests="2" failures="0" timestamp="09 Jul 2020 07:21:08 GMT" time="1.822" errors="0">
  <testcase name="selectDBdata" time="0.133" classname="com.amit.web.testscripts.DatabaseTesting"/>
  <testcase name="selectDBdata" time="1.689" classname="com.amit.web.testscripts.DatabaseTesting"/>
</testsuite> <!-- com.amit.web.testscripts.DatabaseTesting -->
