<?xml version="1.0" encoding="UTF-8"?>
<!-- Generated by org.testng.reporters.JUnitReportReporter -->
<testsuite skipped="0" hostname="DESKTOP-D8C95I2" name="com.amit.web.testscripts.TestToFetchBullCartelData" tests="1" failures="0" timestamp="16 Jul 2020 07:00:18 GMT" time="101.765" errors="0">
  <testcase name="mutipleLogin" time="101.765" classname="com.amit.web.testscripts.TestToFetchBullCartelData"/>
</testsuite> <!-- com.amit.web.testscripts.TestToFetchBullCartelData -->
