<?xml version="1.0" encoding="UTF-8"?>
<!-- Generated by org.testng.reporters.JUnitReportReporter -->
<testsuite skipped="0" hostname="DESKTOP-D8C95I2" name="testNG.GroupsInTestng" tests="2" failures="0" timestamp="05 Jul 2020 14:05:38 GMT" time="0.031" errors="0">
  <testcase name="test3" time="0.007" classname="testNG.GroupsInTestng"/>
  <testcase name="test2" time="0.024" classname="testNG.GroupsInTestng"/>
</testsuite> <!-- testNG.GroupsInTestng -->
