<?xml version="1.0" encoding="UTF-8"?>
<!-- Generated by org.testng.reporters.JUnitReportReporter -->
<testsuite skipped="0" hostname="DESKTOP-D8C95I2" name="seleniumTutorial.JenkinsParameterTest" tests="1" failures="0" timestamp="03 Sep 2020 10:36:34 GMT" time="18.980" errors="0">
  <testcase name="testParameters" time="18.980" classname="seleniumTutorial.JenkinsParameterTest"/>
</testsuite> <!-- seleniumTutorial.JenkinsParameterTest -->
