<?xml version="1.0" encoding="UTF-8"?>
<!-- Generated by org.testng.reporters.JUnitReportReporter -->
<testsuite skipped="0" hostname="DESKTOP-D8C95I2" name="com.amit.web.testscripts.TestToVerifyBullCartelDataSort" tests="1" failures="0" timestamp="16 Jul 2020 09:39:24 GMT" time="51.704" errors="0">
  <testcase name="verifySort" time="51.704" classname="com.amit.web.testscripts.TestToVerifyBullCartelDataSort"/>
</testsuite> <!-- com.amit.web.testscripts.TestToVerifyBullCartelDataSort -->
