<?xml version="1.0" encoding="UTF-8"?>
<!-- Generated by org.testng.reporters.JUnitReportReporter -->
<testsuite skipped="0" hostname="DESKTOP-D8C95I2" name="com.amit.web.testscripts.Login" tests="1" failures="0" timestamp="14 Jul 2020 07:10:13 GMT" time="14.912" errors="0">
  <testcase name="testLogin" time="14.912" classname="com.amit.web.testscripts.Login"/>
</testsuite> <!-- com.amit.web.testscripts.Login -->
