<?xml version="1.0" encoding="UTF-8"?>
<!-- Generated by org.testng.reporters.JUnitReportReporter -->
<testsuite hostname="DESKTOP-D8C95I2" name="com.amit.web.testscripts.Login" tests="1" failures="0" timestamp="3 Sep 2018 18:15:44 GMT" time="0.946" errors="0">
  <testcase name="mutipleLogin" time="0.946" classname="com.amit.web.testscripts.Login"/>
</testsuite> <!-- com.amit.web.testscripts.Login -->
