<?xml version="1.0" encoding="UTF-8"?>
<!-- Generated by org.testng.reporters.JUnitReportReporter -->
<testsuite skipped="0" hostname="DESKTOP-D8C95I2" name="testNG.TestNGTutorial" tests="2" failures="0" timestamp="31 Aug 2020 06:44:07 GMT" time="0.036" errors="0">
  <testcase name="test5" time="0.024" classname="testNG.TestNGTutorial"/>
  <testcase name="test6" time="0.012" classname="testNG.TestNGTutorial"/>
</testsuite> <!-- testNG.TestNGTutorial -->
