<?xml version="1.0" encoding="UTF-8"?>
<!-- Generated by org.testng.reporters.JUnitReportReporter -->
<testsuite skipped="0" hostname="DESKTOP-D8C95I2" name="testNG.DataProviderInTestNG" tests="7" failures="0" timestamp="31 Aug 2020 07:01:10 GMT" time="0.071" errors="0">
  <testcase name="test2" time="0.008" classname="testNG.DataProviderInTestNG"/>
  <testcase name="test2" time="0.011" classname="testNG.DataProviderInTestNG"/>
  <testcase name="test1" time="0.012" classname="testNG.DataProviderInTestNG"/>
  <testcase name="test4" time="0.004" classname="testNG.DataProviderInTestNG"/>
  <testcase name="test1" time="0.024" classname="testNG.DataProviderInTestNG"/>
  <testcase name="test3" time="0.004" classname="testNG.DataProviderInTestNG"/>
  <testcase name="test2" time="0.008" classname="testNG.DataProviderInTestNG"/>
</testsuite> <!-- testNG.DataProviderInTestNG -->
