<?xml version="1.0" encoding="UTF-8"?>
<!-- Generated by org.testng.reporters.JUnitReportReporter -->
<testsuite skipped="0" hostname="DESKTOP-D8C95I2" name="com.amit.web.automation.SearchProductAndAddToCart" tests="2" failures="0" timestamp="07 Nov 2021 17:19:56 GMT" time="57.462" errors="0">
  <testcase name="searchProductAndAddToCart" time="35.640" classname="com.amit.web.automation.SearchProductAndAddToCart"/>
  <testcase name="checkoutProduct" time="21.822" classname="com.amit.web.automation.SearchProductAndAddToCart"/>
</testsuite> <!-- com.amit.web.automation.SearchProductAndAddToCart -->
