<?xml version="1.0" encoding="UTF-8"?>
<!-- Generated by org.testng.reporters.JUnitReportReporter -->
<testsuite skipped="0" hostname="DESKTOP-D8C95I2" name="testNG.DataProviderInTestNG" tests="7" failures="0" timestamp="12 Aug 2020 14:26:01 GMT" time="0.032" errors="0">
  <testcase name="test2" time="0.016" classname="testNG.DataProviderInTestNG"/>
  <testcase name="test2" time="0.000" classname="testNG.DataProviderInTestNG"/>
  <testcase name="test1" time="0.000" classname="testNG.DataProviderInTestNG"/>
  <testcase name="test4" time="0.000" classname="testNG.DataProviderInTestNG"/>
  <testcase name="test1" time="0.016" classname="testNG.DataProviderInTestNG"/>
  <testcase name="test3" time="0.000" classname="testNG.DataProviderInTestNG"/>
  <testcase name="test2" time="0.000" classname="testNG.DataProviderInTestNG"/>
</testsuite> <!-- testNG.DataProviderInTestNG -->
