<?xml version="1.0" encoding="UTF-8"?>
<!-- Generated by org.testng.reporters.JUnitReportReporter -->
<testsuite hostname="DESKTOP-D8C95I2" name="com.amit.web.testscripts.TestToFetchBullCartelData" tests="1" failures="0" timestamp="8 Feb 2018 17:31:37 GMT" time="10.475" errors="0">
  <testcase name="mutipleLogin" time="10.475" classname="com.amit.web.testscripts.TestToFetchBullCartelData"/>
</testsuite> <!-- com.amit.web.testscripts.TestToFetchBullCartelData -->
