<?xml version="1.0" encoding="UTF-8"?>
<!-- Generated by org.testng.reporters.JUnitReportReporter -->
<testsuite hostname="DESKTOP-D8C95I2" name="com.amit.web.testscripts.TestSeleniumCode" tests="1" failures="0" timestamp="1 Jul 2020 07:38:22 GMT" time="20.459" errors="0">
  <testcase name="test" time="20.459" classname="com.amit.web.testscripts.TestSeleniumCode"/>
</testsuite> <!-- com.amit.web.testscripts.TestSeleniumCode -->
