<?xml version="1.0" encoding="UTF-8"?>
<!-- Generated by org.testng.reporters.JUnitReportReporter -->
<testsuite skipped="0" hostname="DESKTOP-D8C95I2" name="com.amit.web.testscripts.TestToVerifyDataInTable" tests="1" failures="0" timestamp="18 Sep 2020 16:42:42 GMT" time="33.073" errors="0">
  <testcase name="readDynamicTable" time="33.073" classname="com.amit.web.testscripts.TestToVerifyDataInTable"/>
</testsuite> <!-- com.amit.web.testscripts.TestToVerifyDataInTable -->
