<?xml version="1.0" encoding="UTF-8"?>
<!-- Generated by org.testng.reporters.JUnitReportReporter -->
<testsuite hostname="DESKTOP-D8C95I2" name="com.amit.web.testscripts.DatabaseTesting" tests="2" failures="0" timestamp="28 Feb 2018 19:05:44 GMT" time="0.836" errors="0">
  <testcase name="selectDBdata" time="0.031" classname="com.amit.web.testscripts.DatabaseTesting"/>
  <testcase name="selectDBdata" time="0.805" classname="com.amit.web.testscripts.DatabaseTesting"/>
</testsuite> <!-- com.amit.web.testscripts.DatabaseTesting -->
