<?xml version="1.0" encoding="UTF-8"?>
<!-- Generated by org.testng.reporters.JUnitReportReporter -->
<testsuite skipped="0" hostname="DESKTOP-D8C95I2" name="testNG.PriorityInTestng" tests="3" failures="0" timestamp="05 Jul 2020 14:18:07 GMT" time="0.041" errors="0">
  <testcase name="test3" time="0.032" classname="testNG.PriorityInTestng"/>
  <testcase name="test2" time="0.006" classname="testNG.PriorityInTestng"/>
  <testcase name="test1" time="0.003" classname="testNG.PriorityInTestng"/>
</testsuite> <!-- testNG.PriorityInTestng -->
