<?xml version="1.0" encoding="UTF-8"?>
<!-- Generated by org.testng.reporters.JUnitReportReporter -->
<testsuite hostname="DESKTOP-D8C95I2" name="com.amit.web.testscripts.DownloadFileInSelenium" tests="1" failures="0" timestamp="2 Jul 2020 11:30:14 GMT" time="144.749" errors="0">
  <testcase name="OpenURL" time="144.749" classname="com.amit.web.testscripts.DownloadFileInSelenium"/>
</testsuite> <!-- com.amit.web.testscripts.DownloadFileInSelenium -->
