<?xml version="1.0" encoding="UTF-8"?>
<!-- Generated by org.testng.reporters.JUnitReportReporter -->
<testsuite skipped="0" hostname="DESKTOP-D8C95I2" name="testNG.TestNGTutorial" tests="2" failures="0" timestamp="23 Sep 2020 03:24:37 GMT" time="0.036" errors="0">
  <testcase name="test5" time="0.027" classname="testNG.TestNGTutorial"/>
  <testcase name="test6" time="0.009" classname="testNG.TestNGTutorial"/>
</testsuite> <!-- testNG.TestNGTutorial -->
